2021-03-11 18:49:47,599 - HandlerTime.Milliseconds:64.13|#ModelName:mnist,Level:Model|#hostname:DESKTOP-LYJ,requestID:6561738c-3add-4b04-827b-e70b367a5706,timestamp:1615456187
2021-03-11 18:49:47,600 - PredictionTime.Milliseconds:64.13|#ModelName:mnist,Level:Model|#hostname:DESKTOP-LYJ,requestID:6561738c-3add-4b04-827b-e70b367a5706,timestamp:1615456187
2021-03-11 18:51:26,978 - HandlerTime.Milliseconds:14.96|#ModelName:mnist,Level:Model|#hostname:DESKTOP-LYJ,requestID:08c01786-2140-496c-a442-e30542cdb50a,timestamp:1615456286
2021-03-11 18:51:26,980 - PredictionTime.Milliseconds:14.96|#ModelName:mnist,Level:Model|#hostname:DESKTOP-LYJ,requestID:08c01786-2140-496c-a442-e30542cdb50a,timestamp:1615456286
2021-03-12 13:00:45,615 - HandlerTime.Milliseconds:2322.3|#ModelName:fastrcnn,Level:Model|#hostname:DESKTOP-LYJ,requestID:8bf1dc5f-f988-40c1-9495-7c5207933f70,timestamp:1615521645
2021-03-12 13:00:45,616 - PredictionTime.Milliseconds:2322.3|#ModelName:fastrcnn,Level:Model|#hostname:DESKTOP-LYJ,requestID:8bf1dc5f-f988-40c1-9495-7c5207933f70,timestamp:1615521645
2021-03-23 14:44:07,109 - HandlerTime.Milliseconds:2287.55|#ModelName:fastrcnn,Level:Model|#hostname:DESKTOP-LYJ,requestID:b069df02-b9e4-4ded-b8a1-be2dc82f95a5,timestamp:1616478247
2021-03-23 14:44:23,619 - PredictionTime.Milliseconds:2287.55|#ModelName:fastrcnn,Level:Model|#hostname:DESKTOP-LYJ,requestID:b069df02-b9e4-4ded-b8a1-be2dc82f95a5,timestamp:1616478247
2021-03-23 14:44:31,814 - HandlerTime.Milliseconds:2214.07|#ModelName:fastrcnn,Level:Model|#hostname:DESKTOP-LYJ,requestID:1d460832-aa69-4e26-94c8-fa842b1ecfbc,timestamp:1616478271
2021-03-23 14:44:31,814 - PredictionTime.Milliseconds:2214.07|#ModelName:fastrcnn,Level:Model|#hostname:DESKTOP-LYJ,requestID:1d460832-aa69-4e26-94c8-fa842b1ecfbc,timestamp:1616478271
2021-03-23 17:47:06,002 - PredictionTime.Milliseconds:1386.04|#ModelName:detectron2,Level:Model|#hostname:linuxlyj,requestID:363b4fba-d9e7-4641-a1e4-24ce32b43a30,timestamp:1616489225
2021-03-23 17:47:11,580 - PredictionTime.Milliseconds:326.06|#ModelName:detectron2,Level:Model|#hostname:linuxlyj,requestID:838eb676-ab83-40e7-8213-06dee9f78f73,timestamp:1616489231
2021-03-23 09:35:08,880 - PredictionTime.Milliseconds:1694.77|#ModelName:detectron2,Level:Model|#hostname:ip-172-31-4-11,requestID:64eb5b98-7c6e-4f63-8350-d636fb3605ea,timestamp:1616492108
2021-03-23 09:35:18,578 - PredictionTime.Milliseconds:1685.61|#ModelName:detectron2,Level:Model|#hostname:ip-172-31-4-11,requestID:87712e03-5b70-4545-bc2b-1aaf983bb6c1,timestamp:1616492118
2021-03-23 10:13:03,889 - PredictionTime.Milliseconds:1671.93|#ModelName:detectron2,Level:Model|#hostname:ip-172-31-4-11,requestID:5e0e72a2-78a0-4155-81a4-255694273629,timestamp:1616494383
2021-03-23 10:19:18,004 - PredictionTime.Milliseconds:1951.87|#ModelName:detectron2,Level:Model|#hostname:ip-172-31-4-11,requestID:8176a44a-595d-4335-bf48-74c2506130c8,timestamp:1616494758
2021-03-23 10:19:24,980 - PredictionTime.Milliseconds:1673.86|#ModelName:detectron2,Level:Model|#hostname:ip-172-31-4-11,requestID:6804c582-4675-49cf-8652-a67dc9fa1e72,timestamp:1616494764
2021-03-23 10:19:31,220 - PredictionTime.Milliseconds:1554.19|#ModelName:detectron2,Level:Model|#hostname:ip-172-31-4-11,requestID:bc6521d2-2a8b-4dbb-8d2d-d9c9f0838af3,timestamp:1616494771
2021-03-23 10:32:58,002 - PredictionTime.Milliseconds:1694.44|#ModelName:detectron2,Level:Model|#hostname:ip-172-31-4-11,requestID:f6334244-f9b7-4733-99e2-47ed27d875eb,timestamp:1616495577
2021-03-23 10:37:15,710 - PredictionTime.Milliseconds:1672.08|#ModelName:detectron2,Level:Model|#hostname:ip-172-31-4-11,requestID:5e63c3b0-e84f-4c9f-827d-201e8dc2e89d,timestamp:1616495835
2021-03-23 10:37:25,111 - PredictionTime.Milliseconds:1673.4|#ModelName:detectron2,Level:Model|#hostname:ip-172-31-4-11,requestID:da4346a3-8cf4-455d-b300-9ac9621b1fa8,timestamp:1616495845
2021-03-23 11:24:19,298 - PredictionTime.Milliseconds:1692.89|#ModelName:detectron2,Level:Model|#hostname:ip-172-31-4-11,requestID:666951a5-f1f8-4f7c-854c-273198c59fdd,timestamp:1616498659
