2021-03-11 18:05:18,242 - CPUUtilization.Percent:0.0|#Level:Host|#hostname:DESKTOP-LYJ,timestamp:1615453518
2021-03-11 18:05:18,243 - DiskAvailable.Gigabytes:196.94456481933594|#Level:Host|#hostname:DESKTOP-LYJ,timestamp:1615453518
2021-03-11 18:05:18,245 - DiskUsage.Gigabytes:267.6818389892578|#Level:Host|#hostname:DESKTOP-LYJ,timestamp:1615453518
2021-03-11 18:05:18,245 - DiskUtilization.Percent:57.6|#Level:Host|#hostname:DESKTOP-LYJ,timestamp:1615453518
2021-03-11 18:05:18,246 - MemoryAvailable.Megabytes:9386.7734375|#Level:Host|#hostname:DESKTOP-LYJ,timestamp:1615453518
2021-03-11 18:05:18,247 - MemoryUsed.Megabytes:6931.76171875|#Level:Host|#hostname:DESKTOP-LYJ,timestamp:1615453518
2021-03-11 18:05:18,248 - MemoryUtilization.Percent:42.5|#Level:Host|#hostname:DESKTOP-LYJ,timestamp:1615453518
2021-03-11 18:06:18,244 - CPUUtilization.Percent:0.0|#Level:Host|#hostname:DESKTOP-LYJ,timestamp:1615453578
2021-03-11 18:06:18,245 - DiskAvailable.Gigabytes:196.94366836547852|#Level:Host|#hostname:DESKTOP-LYJ,timestamp:1615453578
2021-03-11 18:06:18,246 - DiskUsage.Gigabytes:267.68273544311523|#Level:Host|#hostname:DESKTOP-LYJ,timestamp:1615453578
2021-03-11 18:06:18,247 - DiskUtilization.Percent:57.6|#Level:Host|#hostname:DESKTOP-LYJ,timestamp:1615453578
2021-03-11 18:06:18,248 - MemoryAvailable.Megabytes:9247.6796875|#Level:Host|#hostname:DESKTOP-LYJ,timestamp:1615453578
2021-03-11 18:06:18,248 - MemoryUsed.Megabytes:7070.85546875|#Level:Host|#hostname:DESKTOP-LYJ,timestamp:1615453578
2021-03-11 18:06:18,249 - MemoryUtilization.Percent:43.3|#Level:Host|#hostname:DESKTOP-LYJ,timestamp:1615453578
2021-03-11 18:09:53,641 - CPUUtilization.Percent:33.3|#Level:Host|#hostname:DESKTOP-LYJ,timestamp:1615453793
2021-03-11 18:09:53,642 - DiskAvailable.Gigabytes:196.80424118041992|#Level:Host|#hostname:DESKTOP-LYJ,timestamp:1615453793
2021-03-11 18:09:53,643 - DiskUsage.Gigabytes:267.8221626281738|#Level:Host|#hostname:DESKTOP-LYJ,timestamp:1615453793
2021-03-11 18:09:53,644 - DiskUtilization.Percent:57.6|#Level:Host|#hostname:DESKTOP-LYJ,timestamp:1615453793
2021-03-11 18:09:53,645 - MemoryAvailable.Megabytes:9446.25390625|#Level:Host|#hostname:DESKTOP-LYJ,timestamp:1615453793
2021-03-11 18:09:53,646 - MemoryUsed.Megabytes:6872.28125|#Level:Host|#hostname:DESKTOP-LYJ,timestamp:1615453793
2021-03-11 18:09:53,647 - MemoryUtilization.Percent:42.1|#Level:Host|#hostname:DESKTOP-LYJ,timestamp:1615453793
2021-03-11 18:11:56,065 - CPUUtilization.Percent:0.0|#Level:Host|#hostname:DESKTOP-LYJ,timestamp:1615453916
2021-03-11 18:11:56,066 - DiskAvailable.Gigabytes:196.36139678955078|#Level:Host|#hostname:DESKTOP-LYJ,timestamp:1615453916
2021-03-11 18:11:56,067 - DiskUsage.Gigabytes:268.26500701904297|#Level:Host|#hostname:DESKTOP-LYJ,timestamp:1615453916
2021-03-11 18:11:56,068 - DiskUtilization.Percent:57.7|#Level:Host|#hostname:DESKTOP-LYJ,timestamp:1615453916
2021-03-11 18:11:56,069 - MemoryAvailable.Megabytes:9394.94921875|#Level:Host|#hostname:DESKTOP-LYJ,timestamp:1615453916
2021-03-11 18:11:56,069 - MemoryUsed.Megabytes:6923.5859375|#Level:Host|#hostname:DESKTOP-LYJ,timestamp:1615453916
2021-03-11 18:11:56,070 - MemoryUtilization.Percent:42.4|#Level:Host|#hostname:DESKTOP-LYJ,timestamp:1615453916
2021-03-11 18:12:56,073 - CPUUtilization.Percent:0.0|#Level:Host|#hostname:DESKTOP-LYJ,timestamp:1615453976
2021-03-11 18:22:50,378 - DiskAvailable.Gigabytes:196.36054229736328|#Level:Host|#hostname:DESKTOP-LYJ,timestamp:1615453976
2021-03-11 18:22:50,384 - DiskUsage.Gigabytes:268.26586151123047|#Level:Host|#hostname:DESKTOP-LYJ,timestamp:1615453976
2021-03-11 18:22:50,416 - DiskUtilization.Percent:57.7|#Level:Host|#hostname:DESKTOP-LYJ,timestamp:1615453976
2021-03-11 18:22:50,419 - MemoryAvailable.Megabytes:9152.2734375|#Level:Host|#hostname:DESKTOP-LYJ,timestamp:1615453976
2021-03-11 18:22:50,450 - MemoryUsed.Megabytes:7166.26171875|#Level:Host|#hostname:DESKTOP-LYJ,timestamp:1615453976
2021-03-11 18:22:50,452 - MemoryUtilization.Percent:43.9|#Level:Host|#hostname:DESKTOP-LYJ,timestamp:1615453976
2021-03-11 18:22:50,648 - CPUUtilization.Percent:0.0|#Level:Host|#hostname:DESKTOP-LYJ,timestamp:1615454570
2021-03-11 18:22:50,676 - DiskAvailable.Gigabytes:196.35984420776367|#Level:Host|#hostname:DESKTOP-LYJ,timestamp:1615454570
2021-03-11 18:22:50,678 - DiskUsage.Gigabytes:268.2665596008301|#Level:Host|#hostname:DESKTOP-LYJ,timestamp:1615454570
2021-03-11 18:22:50,679 - DiskUtilization.Percent:57.7|#Level:Host|#hostname:DESKTOP-LYJ,timestamp:1615454570
2021-03-11 18:22:50,679 - MemoryAvailable.Megabytes:9469.265625|#Level:Host|#hostname:DESKTOP-LYJ,timestamp:1615454570
2021-03-11 18:22:50,680 - MemoryUsed.Megabytes:6849.26953125|#Level:Host|#hostname:DESKTOP-LYJ,timestamp:1615454570
2021-03-11 18:22:50,680 - MemoryUtilization.Percent:42.0|#Level:Host|#hostname:DESKTOP-LYJ,timestamp:1615454570
2021-03-11 18:23:32,127 - CPUUtilization.Percent:0.0|#Level:Host|#hostname:DESKTOP-LYJ,timestamp:1615454612
2021-03-11 18:23:32,128 - DiskAvailable.Gigabytes:196.36019897460938|#Level:Host|#hostname:DESKTOP-LYJ,timestamp:1615454612
2021-03-11 18:23:32,129 - DiskUsage.Gigabytes:268.2662048339844|#Level:Host|#hostname:DESKTOP-LYJ,timestamp:1615454612
2021-03-11 18:23:32,131 - DiskUtilization.Percent:57.7|#Level:Host|#hostname:DESKTOP-LYJ,timestamp:1615454612
2021-03-11 18:23:32,132 - MemoryAvailable.Megabytes:9365.9609375|#Level:Host|#hostname:DESKTOP-LYJ,timestamp:1615454612
2021-03-11 18:23:32,135 - MemoryUsed.Megabytes:6952.57421875|#Level:Host|#hostname:DESKTOP-LYJ,timestamp:1615454612
2021-03-11 18:23:32,137 - MemoryUtilization.Percent:42.6|#Level:Host|#hostname:DESKTOP-LYJ,timestamp:1615454612
2021-03-11 18:25:42,048 - CPUUtilization.Percent:0.0|#Level:Host|#hostname:DESKTOP-LYJ,timestamp:1615454742
2021-03-11 18:25:42,049 - DiskAvailable.Gigabytes:196.3430061340332|#Level:Host|#hostname:DESKTOP-LYJ,timestamp:1615454742
2021-03-11 18:25:42,051 - DiskUsage.Gigabytes:268.28339767456055|#Level:Host|#hostname:DESKTOP-LYJ,timestamp:1615454742
2021-03-11 18:25:42,053 - DiskUtilization.Percent:57.7|#Level:Host|#hostname:DESKTOP-LYJ,timestamp:1615454742
2021-03-11 18:25:42,053 - MemoryAvailable.Megabytes:9276.5|#Level:Host|#hostname:DESKTOP-LYJ,timestamp:1615454742
2021-03-11 18:25:42,054 - MemoryUsed.Megabytes:7042.03515625|#Level:Host|#hostname:DESKTOP-LYJ,timestamp:1615454742
2021-03-11 18:25:42,056 - MemoryUtilization.Percent:43.2|#Level:Host|#hostname:DESKTOP-LYJ,timestamp:1615454742
2021-03-11 18:25:43,627 - W-9000-fastrcnn_1.0.ms:2740|#Level:Host|#hostname:DESKTOP-LYJ,timestamp:1615454743
2021-03-11 18:25:43,629 - WorkerThreadTime.ms:32|#Level:Host|#hostname:DESKTOP-LYJ,timestamp:null
2021-03-11 18:26:42,057 - CPUUtilization.Percent:0.0|#Level:Host|#hostname:DESKTOP-LYJ,timestamp:1615454802
2021-03-11 18:26:42,058 - DiskAvailable.Gigabytes:196.21216583251953|#Level:Host|#hostname:DESKTOP-LYJ,timestamp:1615454802
2021-03-11 18:26:42,058 - DiskUsage.Gigabytes:268.4142379760742|#Level:Host|#hostname:DESKTOP-LYJ,timestamp:1615454802
2021-03-11 18:26:42,058 - DiskUtilization.Percent:57.8|#Level:Host|#hostname:DESKTOP-LYJ,timestamp:1615454802
2021-03-11 18:26:42,058 - MemoryAvailable.Megabytes:9140.61328125|#Level:Host|#hostname:DESKTOP-LYJ,timestamp:1615454802
2021-03-11 18:26:42,059 - MemoryUsed.Megabytes:7177.921875|#Level:Host|#hostname:DESKTOP-LYJ,timestamp:1615454802
2021-03-11 18:26:42,059 - MemoryUtilization.Percent:44.0|#Level:Host|#hostname:DESKTOP-LYJ,timestamp:1615454802
2021-03-11 18:27:07,646 - CPUUtilization.Percent:0.0|#Level:Host|#hostname:DESKTOP-LYJ,timestamp:1615454827
2021-03-11 18:27:07,647 - DiskAvailable.Gigabytes:196.35809326171875|#Level:Host|#hostname:DESKTOP-LYJ,timestamp:1615454827
2021-03-11 18:27:07,649 - DiskUsage.Gigabytes:268.268310546875|#Level:Host|#hostname:DESKTOP-LYJ,timestamp:1615454827
2021-03-11 18:27:07,650 - DiskUtilization.Percent:57.7|#Level:Host|#hostname:DESKTOP-LYJ,timestamp:1615454827
2021-03-11 18:27:07,651 - MemoryAvailable.Megabytes:9289.9375|#Level:Host|#hostname:DESKTOP-LYJ,timestamp:1615454827
2021-03-11 18:27:07,652 - MemoryUsed.Megabytes:7028.59765625|#Level:Host|#hostname:DESKTOP-LYJ,timestamp:1615454827
2021-03-11 18:27:07,652 - MemoryUtilization.Percent:43.1|#Level:Host|#hostname:DESKTOP-LYJ,timestamp:1615454827
2021-03-11 18:45:56,972 - CPUUtilization.Percent:0.0|#Level:Host|#hostname:DESKTOP-LYJ,timestamp:1615455956
2021-03-11 18:45:56,972 - DiskAvailable.Gigabytes:196.1387062072754|#Level:Host|#hostname:DESKTOP-LYJ,timestamp:1615455956
2021-03-11 18:45:56,973 - DiskUsage.Gigabytes:268.48769760131836|#Level:Host|#hostname:DESKTOP-LYJ,timestamp:1615455956
2021-03-11 18:45:56,973 - DiskUtilization.Percent:57.8|#Level:Host|#hostname:DESKTOP-LYJ,timestamp:1615455956
2021-03-11 18:45:56,973 - MemoryAvailable.Megabytes:9166.671875|#Level:Host|#hostname:DESKTOP-LYJ,timestamp:1615455956
2021-03-11 18:45:56,973 - MemoryUsed.Megabytes:7151.86328125|#Level:Host|#hostname:DESKTOP-LYJ,timestamp:1615455956
2021-03-11 18:45:56,974 - MemoryUtilization.Percent:43.8|#Level:Host|#hostname:DESKTOP-LYJ,timestamp:1615455956
2021-03-11 18:49:00,427 - CPUUtilization.Percent:0.0|#Level:Host|#hostname:DESKTOP-LYJ,timestamp:1615456140
2021-03-11 18:49:00,428 - DiskAvailable.Gigabytes:196.2689437866211|#Level:Host|#hostname:DESKTOP-LYJ,timestamp:1615456140
2021-03-11 18:49:00,428 - DiskUsage.Gigabytes:268.35746002197266|#Level:Host|#hostname:DESKTOP-LYJ,timestamp:1615456140
2021-03-11 18:49:00,429 - DiskUtilization.Percent:57.8|#Level:Host|#hostname:DESKTOP-LYJ,timestamp:1615456140
2021-03-11 18:49:00,431 - MemoryAvailable.Megabytes:9176.6484375|#Level:Host|#hostname:DESKTOP-LYJ,timestamp:1615456140
2021-03-11 18:49:00,431 - MemoryUsed.Megabytes:7141.88671875|#Level:Host|#hostname:DESKTOP-LYJ,timestamp:1615456140
2021-03-11 18:49:00,432 - MemoryUtilization.Percent:43.8|#Level:Host|#hostname:DESKTOP-LYJ,timestamp:1615456140
2021-03-11 18:49:01,598 - W-9000-mnist_1.0.ms:2323|#Level:Host|#hostname:DESKTOP-LYJ,timestamp:1615456141
2021-03-11 18:49:01,600 - WorkerThreadTime.ms:31|#Level:Host|#hostname:DESKTOP-LYJ,timestamp:null
2021-03-11 18:49:47,601 - Requests2XX.Count:1|#Level:Host|#hostname:DESKTOP-LYJ,timestamp:null
2021-03-11 18:49:47,603 - QueueTime.ms:0|#Level:Host|#hostname:DESKTOP-LYJ,timestamp:null
2021-03-11 18:49:47,605 - WorkerThreadTime.ms:8|#Level:Host|#hostname:DESKTOP-LYJ,timestamp:null
2021-03-11 18:49:59,178 - Requests4XX.Count:1|#Level:Host|#hostname:DESKTOP-LYJ,timestamp:null
2021-03-11 18:50:00,438 - CPUUtilization.Percent:0.0|#Level:Host|#hostname:DESKTOP-LYJ,timestamp:1615456200
2021-03-11 18:50:00,438 - DiskAvailable.Gigabytes:196.26949310302734|#Level:Host|#hostname:DESKTOP-LYJ,timestamp:1615456200
2021-03-11 18:50:00,442 - DiskUsage.Gigabytes:268.3569107055664|#Level:Host|#hostname:DESKTOP-LYJ,timestamp:1615456200
2021-03-11 18:50:00,443 - DiskUtilization.Percent:57.8|#Level:Host|#hostname:DESKTOP-LYJ,timestamp:1615456200
2021-03-11 18:50:00,444 - MemoryAvailable.Megabytes:9148.0390625|#Level:Host|#hostname:DESKTOP-LYJ,timestamp:1615456200
2021-03-11 18:50:00,444 - MemoryUsed.Megabytes:7170.49609375|#Level:Host|#hostname:DESKTOP-LYJ,timestamp:1615456200
2021-03-11 18:50:00,445 - MemoryUtilization.Percent:43.9|#Level:Host|#hostname:DESKTOP-LYJ,timestamp:1615456200
2021-03-11 18:51:00,431 - CPUUtilization.Percent:0.0|#Level:Host|#hostname:DESKTOP-LYJ,timestamp:1615456260
2021-03-11 18:51:00,432 - DiskAvailable.Gigabytes:196.26078414916992|#Level:Host|#hostname:DESKTOP-LYJ,timestamp:1615456260
2021-03-11 18:51:00,433 - DiskUsage.Gigabytes:268.3656196594238|#Level:Host|#hostname:DESKTOP-LYJ,timestamp:1615456260
2021-03-11 18:51:00,434 - DiskUtilization.Percent:57.8|#Level:Host|#hostname:DESKTOP-LYJ,timestamp:1615456260
2021-03-11 18:51:00,434 - MemoryAvailable.Megabytes:9016.68359375|#Level:Host|#hostname:DESKTOP-LYJ,timestamp:1615456260
2021-03-11 18:51:00,434 - MemoryUsed.Megabytes:7301.8515625|#Level:Host|#hostname:DESKTOP-LYJ,timestamp:1615456260
2021-03-11 18:51:00,435 - MemoryUtilization.Percent:44.7|#Level:Host|#hostname:DESKTOP-LYJ,timestamp:1615456260
2021-03-11 18:51:26,979 - Requests2XX.Count:1|#Level:Host|#hostname:DESKTOP-LYJ,timestamp:null
2021-03-11 18:51:26,982 - QueueTime.ms:0|#Level:Host|#hostname:DESKTOP-LYJ,timestamp:null
2021-03-11 18:51:26,984 - WorkerThreadTime.ms:7|#Level:Host|#hostname:DESKTOP-LYJ,timestamp:null
2021-03-11 18:51:46,398 - Requests4XX.Count:1|#Level:Host|#hostname:DESKTOP-LYJ,timestamp:null
2021-03-11 18:52:00,325 - Requests4XX.Count:1|#Level:Host|#hostname:DESKTOP-LYJ,timestamp:null
2021-03-11 18:52:00,442 - CPUUtilization.Percent:0.0|#Level:Host|#hostname:DESKTOP-LYJ,timestamp:1615456320
2021-03-11 18:52:00,443 - DiskAvailable.Gigabytes:196.2632598876953|#Level:Host|#hostname:DESKTOP-LYJ,timestamp:1615456320
2021-03-11 18:52:00,444 - DiskUsage.Gigabytes:268.36314392089844|#Level:Host|#hostname:DESKTOP-LYJ,timestamp:1615456320
2021-03-11 18:52:00,445 - DiskUtilization.Percent:57.8|#Level:Host|#hostname:DESKTOP-LYJ,timestamp:1615456320
2021-03-11 18:52:00,445 - MemoryAvailable.Megabytes:9047.00390625|#Level:Host|#hostname:DESKTOP-LYJ,timestamp:1615456320
2021-03-11 18:52:00,446 - MemoryUsed.Megabytes:7271.53125|#Level:Host|#hostname:DESKTOP-LYJ,timestamp:1615456320
2021-03-11 18:52:00,446 - MemoryUtilization.Percent:44.6|#Level:Host|#hostname:DESKTOP-LYJ,timestamp:1615456320
2021-03-11 18:55:35,714 - CPUUtilization.Percent:0.0|#Level:Host|#hostname:DESKTOP-LYJ,timestamp:1615456535
2021-03-11 18:55:35,715 - DiskAvailable.Gigabytes:196.0010528564453|#Level:Host|#hostname:DESKTOP-LYJ,timestamp:1615456535
2021-03-11 18:55:35,717 - DiskUsage.Gigabytes:268.62535095214844|#Level:Host|#hostname:DESKTOP-LYJ,timestamp:1615456535
2021-03-11 18:55:35,719 - DiskUtilization.Percent:57.8|#Level:Host|#hostname:DESKTOP-LYJ,timestamp:1615456535
2021-03-11 18:55:35,719 - MemoryAvailable.Megabytes:9051.42578125|#Level:Host|#hostname:DESKTOP-LYJ,timestamp:1615456535
2021-03-11 18:55:35,722 - MemoryUsed.Megabytes:7267.109375|#Level:Host|#hostname:DESKTOP-LYJ,timestamp:1615456535
2021-03-11 18:55:35,724 - MemoryUtilization.Percent:44.5|#Level:Host|#hostname:DESKTOP-LYJ,timestamp:1615456535
2021-03-12 01:16:08,122 - CPUUtilization.Percent:0.0|#Level:Host|#hostname:DESKTOP-LYJ,timestamp:1615479368
2021-03-12 01:16:08,123 - DiskAvailable.Gigabytes:196.67884063720703|#Level:Host|#hostname:DESKTOP-LYJ,timestamp:1615479368
2021-03-12 01:16:08,124 - DiskUsage.Gigabytes:267.9475631713867|#Level:Host|#hostname:DESKTOP-LYJ,timestamp:1615479368
2021-03-12 01:16:08,125 - DiskUtilization.Percent:57.7|#Level:Host|#hostname:DESKTOP-LYJ,timestamp:1615479368
2021-03-12 01:16:08,126 - MemoryAvailable.Megabytes:11552.0625|#Level:Host|#hostname:DESKTOP-LYJ,timestamp:1615479368
2021-03-12 01:16:08,127 - MemoryUsed.Megabytes:4766.47265625|#Level:Host|#hostname:DESKTOP-LYJ,timestamp:1615479368
2021-03-12 01:16:08,127 - MemoryUtilization.Percent:29.2|#Level:Host|#hostname:DESKTOP-LYJ,timestamp:1615479368
2021-03-12 01:16:42,968 - CPUUtilization.Percent:0.0|#Level:Host|#hostname:DESKTOP-LYJ,timestamp:1615479402
2021-03-12 01:16:42,969 - DiskAvailable.Gigabytes:196.67883682250977|#Level:Host|#hostname:DESKTOP-LYJ,timestamp:1615479402
2021-03-12 01:16:42,970 - DiskUsage.Gigabytes:267.947566986084|#Level:Host|#hostname:DESKTOP-LYJ,timestamp:1615479402
2021-03-12 01:16:42,971 - DiskUtilization.Percent:57.7|#Level:Host|#hostname:DESKTOP-LYJ,timestamp:1615479402
2021-03-12 01:16:42,972 - MemoryAvailable.Megabytes:11494.546875|#Level:Host|#hostname:DESKTOP-LYJ,timestamp:1615479402
2021-03-12 01:16:42,973 - MemoryUsed.Megabytes:4823.98828125|#Level:Host|#hostname:DESKTOP-LYJ,timestamp:1615479402
2021-03-12 01:16:42,973 - MemoryUtilization.Percent:29.6|#Level:Host|#hostname:DESKTOP-LYJ,timestamp:1615479402
2021-03-12 01:30:09,431 - CPUUtilization.Percent:0.0|#Level:Host|#hostname:DESKTOP-LYJ,timestamp:1615480209
2021-03-12 01:30:09,433 - DiskAvailable.Gigabytes:196.43113708496094|#Level:Host|#hostname:DESKTOP-LYJ,timestamp:1615480209
2021-03-12 01:30:09,434 - DiskUsage.Gigabytes:268.1952667236328|#Level:Host|#hostname:DESKTOP-LYJ,timestamp:1615480209
2021-03-12 01:30:09,436 - DiskUtilization.Percent:57.7|#Level:Host|#hostname:DESKTOP-LYJ,timestamp:1615480209
2021-03-12 01:30:09,437 - MemoryAvailable.Megabytes:11013.625|#Level:Host|#hostname:DESKTOP-LYJ,timestamp:1615480209
2021-03-12 01:30:09,438 - MemoryUsed.Megabytes:5304.91015625|#Level:Host|#hostname:DESKTOP-LYJ,timestamp:1615480209
2021-03-12 01:30:09,439 - MemoryUtilization.Percent:32.5|#Level:Host|#hostname:DESKTOP-LYJ,timestamp:1615480209
2021-03-12 01:30:31,534 - CPUUtilization.Percent:0.0|#Level:Host|#hostname:DESKTOP-LYJ,timestamp:1615480231
2021-03-12 01:30:31,536 - DiskAvailable.Gigabytes:196.43087768554688|#Level:Host|#hostname:DESKTOP-LYJ,timestamp:1615480231
2021-03-12 01:30:31,537 - DiskUsage.Gigabytes:268.1955261230469|#Level:Host|#hostname:DESKTOP-LYJ,timestamp:1615480231
2021-03-12 01:30:31,538 - DiskUtilization.Percent:57.7|#Level:Host|#hostname:DESKTOP-LYJ,timestamp:1615480231
2021-03-12 01:30:31,538 - MemoryAvailable.Megabytes:11050.3359375|#Level:Host|#hostname:DESKTOP-LYJ,timestamp:1615480231
2021-03-12 01:30:31,539 - MemoryUsed.Megabytes:5268.19921875|#Level:Host|#hostname:DESKTOP-LYJ,timestamp:1615480231
2021-03-12 01:30:31,540 - MemoryUtilization.Percent:32.3|#Level:Host|#hostname:DESKTOP-LYJ,timestamp:1615480231
2021-03-12 12:58:52,573 - CPUUtilization.Percent:0.0|#Level:Host|#hostname:DESKTOP-LYJ,timestamp:1615521532
2021-03-12 12:58:52,574 - DiskAvailable.Gigabytes:196.20943450927734|#Level:Host|#hostname:DESKTOP-LYJ,timestamp:1615521532
2021-03-12 12:58:52,575 - DiskUsage.Gigabytes:268.4169692993164|#Level:Host|#hostname:DESKTOP-LYJ,timestamp:1615521532
2021-03-12 12:58:52,576 - DiskUtilization.Percent:57.8|#Level:Host|#hostname:DESKTOP-LYJ,timestamp:1615521532
2021-03-12 12:58:52,577 - MemoryAvailable.Megabytes:11524.6875|#Level:Host|#hostname:DESKTOP-LYJ,timestamp:1615521532
2021-03-12 12:58:52,577 - MemoryUsed.Megabytes:4793.84765625|#Level:Host|#hostname:DESKTOP-LYJ,timestamp:1615521532
2021-03-12 12:58:52,579 - MemoryUtilization.Percent:29.4|#Level:Host|#hostname:DESKTOP-LYJ,timestamp:1615521532
2021-03-12 12:59:05,431 - Requests4XX.Count:1|#Level:Host|#hostname:DESKTOP-LYJ,timestamp:null
2021-03-12 12:59:05,506 - Requests4XX.Count:1|#Level:Host|#hostname:DESKTOP-LYJ,timestamp:null
2021-03-12 12:59:58,558 - CPUUtilization.Percent:0.0|#Level:Host|#hostname:DESKTOP-LYJ,timestamp:1615521598
2021-03-12 12:59:58,559 - DiskAvailable.Gigabytes:196.0531883239746|#Level:Host|#hostname:DESKTOP-LYJ,timestamp:1615521598
2021-03-12 12:59:58,560 - DiskUsage.Gigabytes:268.57321548461914|#Level:Host|#hostname:DESKTOP-LYJ,timestamp:1615521598
2021-03-12 12:59:58,561 - DiskUtilization.Percent:57.8|#Level:Host|#hostname:DESKTOP-LYJ,timestamp:1615521598
2021-03-12 12:59:58,562 - MemoryAvailable.Megabytes:11330.8203125|#Level:Host|#hostname:DESKTOP-LYJ,timestamp:1615521598
2021-03-12 12:59:58,562 - MemoryUsed.Megabytes:4987.71484375|#Level:Host|#hostname:DESKTOP-LYJ,timestamp:1615521598
2021-03-12 12:59:58,563 - MemoryUtilization.Percent:30.6|#Level:Host|#hostname:DESKTOP-LYJ,timestamp:1615521598
2021-03-12 13:00:02,333 - W-9000-fastrcnn_1.0.ms:4952|#Level:Host|#hostname:DESKTOP-LYJ,timestamp:1615521602
2021-03-12 13:00:02,333 - WorkerThreadTime.ms:31|#Level:Host|#hostname:DESKTOP-LYJ,timestamp:null
2021-03-12 13:00:45,617 - Requests2XX.Count:1|#Level:Host|#hostname:DESKTOP-LYJ,timestamp:null
2021-03-12 13:00:45,618 - QueueTime.ms:0|#Level:Host|#hostname:DESKTOP-LYJ,timestamp:null
2021-03-12 13:00:45,619 - WorkerThreadTime.ms:5|#Level:Host|#hostname:DESKTOP-LYJ,timestamp:null
2021-03-12 13:00:58,571 - CPUUtilization.Percent:0.0|#Level:Host|#hostname:DESKTOP-LYJ,timestamp:1615521658
2021-03-12 13:00:58,572 - DiskAvailable.Gigabytes:196.04860305786133|#Level:Host|#hostname:DESKTOP-LYJ,timestamp:1615521658
2021-03-12 13:00:58,573 - DiskUsage.Gigabytes:268.5778007507324|#Level:Host|#hostname:DESKTOP-LYJ,timestamp:1615521658
2021-03-12 13:00:58,575 - DiskUtilization.Percent:57.8|#Level:Host|#hostname:DESKTOP-LYJ,timestamp:1615521658
2021-03-12 13:00:58,575 - MemoryAvailable.Megabytes:10897.234375|#Level:Host|#hostname:DESKTOP-LYJ,timestamp:1615521658
2021-03-12 13:00:58,576 - MemoryUsed.Megabytes:5421.30078125|#Level:Host|#hostname:DESKTOP-LYJ,timestamp:1615521658
2021-03-12 13:00:58,576 - MemoryUtilization.Percent:33.2|#Level:Host|#hostname:DESKTOP-LYJ,timestamp:1615521658
2021-03-12 13:04:33,503 - CPUUtilization.Percent:0.0|#Level:Host|#hostname:DESKTOP-LYJ,timestamp:1615521873
2021-03-12 13:04:33,504 - DiskAvailable.Gigabytes:195.59297561645508|#Level:Host|#hostname:DESKTOP-LYJ,timestamp:1615521873
2021-03-12 13:04:33,506 - DiskUsage.Gigabytes:269.0334281921387|#Level:Host|#hostname:DESKTOP-LYJ,timestamp:1615521873
2021-03-12 13:04:33,506 - DiskUtilization.Percent:57.9|#Level:Host|#hostname:DESKTOP-LYJ,timestamp:1615521873
2021-03-12 13:04:33,507 - MemoryAvailable.Megabytes:10827.9765625|#Level:Host|#hostname:DESKTOP-LYJ,timestamp:1615521873
2021-03-12 13:04:33,507 - MemoryUsed.Megabytes:5490.55859375|#Level:Host|#hostname:DESKTOP-LYJ,timestamp:1615521873
2021-03-12 13:04:33,508 - MemoryUtilization.Percent:33.6|#Level:Host|#hostname:DESKTOP-LYJ,timestamp:1615521873
2021-03-12 15:01:44,957 - CPUUtilization.Percent:0.0|#Level:Host|#hostname:DESKTOP-LYJ,timestamp:1615528904
2021-03-12 15:01:44,957 - DiskAvailable.Gigabytes:195.61082458496094|#Level:Host|#hostname:DESKTOP-LYJ,timestamp:1615528904
2021-03-12 15:01:44,958 - DiskUsage.Gigabytes:269.0155792236328|#Level:Host|#hostname:DESKTOP-LYJ,timestamp:1615528904
2021-03-12 15:01:44,958 - DiskUtilization.Percent:57.9|#Level:Host|#hostname:DESKTOP-LYJ,timestamp:1615528904
2021-03-12 15:01:44,958 - MemoryAvailable.Megabytes:8292.26171875|#Level:Host|#hostname:DESKTOP-LYJ,timestamp:1615528904
2021-03-12 15:01:44,959 - MemoryUsed.Megabytes:8026.2734375|#Level:Host|#hostname:DESKTOP-LYJ,timestamp:1615528904
2021-03-12 15:01:44,959 - MemoryUtilization.Percent:49.2|#Level:Host|#hostname:DESKTOP-LYJ,timestamp:1615528904
2021-03-23 14:43:42,082 - CPUUtilization.Percent:0.0|#Level:Host|#hostname:DESKTOP-LYJ,timestamp:1616478222
2021-03-23 14:43:42,083 - DiskAvailable.Gigabytes:195.13693618774414|#Level:Host|#hostname:DESKTOP-LYJ,timestamp:1616478222
2021-03-23 14:43:42,084 - DiskUsage.Gigabytes:269.4894676208496|#Level:Host|#hostname:DESKTOP-LYJ,timestamp:1616478222
2021-03-23 14:43:42,085 - DiskUtilization.Percent:58.0|#Level:Host|#hostname:DESKTOP-LYJ,timestamp:1616478222
2021-03-23 14:43:42,086 - MemoryAvailable.Megabytes:9958.6953125|#Level:Host|#hostname:DESKTOP-LYJ,timestamp:1616478222
2021-03-23 14:43:42,086 - MemoryUsed.Megabytes:6358.98046875|#Level:Host|#hostname:DESKTOP-LYJ,timestamp:1616478222
2021-03-23 14:43:42,087 - MemoryUtilization.Percent:39.0|#Level:Host|#hostname:DESKTOP-LYJ,timestamp:1616478222
2021-03-23 14:43:45,545 - W-9000-fastrcnn_1.0.ms:4710|#Level:Host|#hostname:DESKTOP-LYJ,timestamp:1616478225
2021-03-23 14:43:45,546 - WorkerThreadTime.ms:33|#Level:Host|#hostname:DESKTOP-LYJ,timestamp:null
2021-03-23 14:44:23,622 - Requests2XX.Count:1|#Level:Host|#hostname:DESKTOP-LYJ,timestamp:null
2021-03-23 14:44:23,623 - QueueTime.ms:0|#Level:Host|#hostname:DESKTOP-LYJ,timestamp:null
2021-03-23 14:44:23,623 - WorkerThreadTime.ms:16515|#Level:Host|#hostname:DESKTOP-LYJ,timestamp:null
2021-03-23 14:44:31,814 - Requests2XX.Count:1|#Level:Host|#hostname:DESKTOP-LYJ,timestamp:null
2021-03-23 14:44:31,815 - QueueTime.ms:0|#Level:Host|#hostname:DESKTOP-LYJ,timestamp:null
2021-03-23 14:44:31,816 - WorkerThreadTime.ms:3|#Level:Host|#hostname:DESKTOP-LYJ,timestamp:null
2021-03-23 14:44:42,090 - CPUUtilization.Percent:0.0|#Level:Host|#hostname:DESKTOP-LYJ,timestamp:1616478282
2021-03-23 14:44:42,091 - DiskAvailable.Gigabytes:195.13711166381836|#Level:Host|#hostname:DESKTOP-LYJ,timestamp:1616478282
2021-03-23 14:44:42,092 - DiskUsage.Gigabytes:269.4892921447754|#Level:Host|#hostname:DESKTOP-LYJ,timestamp:1616478282
2021-03-23 14:44:42,093 - DiskUtilization.Percent:58.0|#Level:Host|#hostname:DESKTOP-LYJ,timestamp:1616478282
2021-03-23 14:44:42,094 - MemoryAvailable.Megabytes:9777.16015625|#Level:Host|#hostname:DESKTOP-LYJ,timestamp:1616478282
2021-03-23 14:44:42,094 - MemoryUsed.Megabytes:6540.515625|#Level:Host|#hostname:DESKTOP-LYJ,timestamp:1616478282
2021-03-23 14:44:42,095 - MemoryUtilization.Percent:40.1|#Level:Host|#hostname:DESKTOP-LYJ,timestamp:1616478282
2021-03-23 14:45:42,079 - CPUUtilization.Percent:0.0|#Level:Host|#hostname:DESKTOP-LYJ,timestamp:1616478342
2021-03-23 14:45:42,079 - DiskAvailable.Gigabytes:195.1367301940918|#Level:Host|#hostname:DESKTOP-LYJ,timestamp:1616478342
2021-03-23 14:45:42,081 - DiskUsage.Gigabytes:269.48967361450195|#Level:Host|#hostname:DESKTOP-LYJ,timestamp:1616478342
2021-03-23 14:45:42,082 - DiskUtilization.Percent:58.0|#Level:Host|#hostname:DESKTOP-LYJ,timestamp:1616478342
2021-03-23 14:45:42,082 - MemoryAvailable.Megabytes:9697.27734375|#Level:Host|#hostname:DESKTOP-LYJ,timestamp:1616478342
2021-03-23 14:45:42,083 - MemoryUsed.Megabytes:6620.3984375|#Level:Host|#hostname:DESKTOP-LYJ,timestamp:1616478342
2021-03-23 14:45:42,083 - MemoryUtilization.Percent:40.6|#Level:Host|#hostname:DESKTOP-LYJ,timestamp:1616478342
2021-03-23 14:46:42,108 - CPUUtilization.Percent:0.0|#Level:Host|#hostname:DESKTOP-LYJ,timestamp:1616478402
2021-03-23 14:46:42,109 - DiskAvailable.Gigabytes:195.13648223876953|#Level:Host|#hostname:DESKTOP-LYJ,timestamp:1616478402
2021-03-23 14:46:42,110 - DiskUsage.Gigabytes:269.4899215698242|#Level:Host|#hostname:DESKTOP-LYJ,timestamp:1616478402
2021-03-23 14:46:42,111 - DiskUtilization.Percent:58.0|#Level:Host|#hostname:DESKTOP-LYJ,timestamp:1616478402
2021-03-23 14:46:42,112 - MemoryAvailable.Megabytes:9728.83203125|#Level:Host|#hostname:DESKTOP-LYJ,timestamp:1616478402
2021-03-23 14:46:42,113 - MemoryUsed.Megabytes:6588.84375|#Level:Host|#hostname:DESKTOP-LYJ,timestamp:1616478402
2021-03-23 14:46:42,114 - MemoryUtilization.Percent:40.4|#Level:Host|#hostname:DESKTOP-LYJ,timestamp:1616478402
2021-03-23 14:47:42,094 - CPUUtilization.Percent:0.0|#Level:Host|#hostname:DESKTOP-LYJ,timestamp:1616478462
2021-03-23 14:47:42,094 - DiskAvailable.Gigabytes:195.13472366333008|#Level:Host|#hostname:DESKTOP-LYJ,timestamp:1616478462
2021-03-23 14:47:42,096 - DiskUsage.Gigabytes:269.4916801452637|#Level:Host|#hostname:DESKTOP-LYJ,timestamp:1616478462
2021-03-23 14:47:42,097 - DiskUtilization.Percent:58.0|#Level:Host|#hostname:DESKTOP-LYJ,timestamp:1616478462
2021-03-23 14:47:42,098 - MemoryAvailable.Megabytes:9718.99609375|#Level:Host|#hostname:DESKTOP-LYJ,timestamp:1616478462
2021-03-23 14:47:42,098 - MemoryUsed.Megabytes:6598.6796875|#Level:Host|#hostname:DESKTOP-LYJ,timestamp:1616478462
2021-03-23 14:47:42,099 - MemoryUtilization.Percent:40.4|#Level:Host|#hostname:DESKTOP-LYJ,timestamp:1616478462
2021-03-23 14:48:42,083 - CPUUtilization.Percent:0.0|#Level:Host|#hostname:DESKTOP-LYJ,timestamp:1616478522
2021-03-23 14:48:42,083 - DiskAvailable.Gigabytes:195.13314056396484|#Level:Host|#hostname:DESKTOP-LYJ,timestamp:1616478522
2021-03-23 14:48:42,086 - DiskUsage.Gigabytes:269.4932632446289|#Level:Host|#hostname:DESKTOP-LYJ,timestamp:1616478522
2021-03-23 14:48:42,086 - DiskUtilization.Percent:58.0|#Level:Host|#hostname:DESKTOP-LYJ,timestamp:1616478522
2021-03-23 14:48:42,087 - MemoryAvailable.Megabytes:9549.80078125|#Level:Host|#hostname:DESKTOP-LYJ,timestamp:1616478522
2021-03-23 14:48:42,088 - MemoryUsed.Megabytes:6767.875|#Level:Host|#hostname:DESKTOP-LYJ,timestamp:1616478522
2021-03-23 14:48:42,088 - MemoryUtilization.Percent:41.5|#Level:Host|#hostname:DESKTOP-LYJ,timestamp:1616478522
2021-03-23 17:41:31,180 - CPUUtilization.Percent:100.0|#Level:Host|#hostname:linuxlyj,timestamp:1616488891
2021-03-23 17:41:31,181 - DiskAvailable.Gigabytes:36.947853088378906|#Level:Host|#hostname:linuxlyj,timestamp:1616488891
2021-03-23 17:41:31,182 - DiskUsage.Gigabytes:53.77677917480469|#Level:Host|#hostname:linuxlyj,timestamp:1616488891
2021-03-23 17:41:31,182 - DiskUtilization.Percent:59.3|#Level:Host|#hostname:linuxlyj,timestamp:1616488891
2021-03-23 17:41:31,182 - MemoryAvailable.Megabytes:12925.87890625|#Level:Host|#hostname:linuxlyj,timestamp:1616488891
2021-03-23 17:41:31,182 - MemoryUsed.Megabytes:2523.21875|#Level:Host|#hostname:linuxlyj,timestamp:1616488891
2021-03-23 17:41:31,182 - MemoryUtilization.Percent:18.9|#Level:Host|#hostname:linuxlyj,timestamp:1616488891
2021-03-23 17:42:43,697 - CPUUtilization.Percent:0.0|#Level:Host|#hostname:linuxlyj,timestamp:1616488963
2021-03-23 17:42:43,702 - DiskAvailable.Gigabytes:35.45494079589844|#Level:Host|#hostname:linuxlyj,timestamp:1616488963
2021-03-23 17:42:43,702 - DiskUsage.Gigabytes:55.269691467285156|#Level:Host|#hostname:linuxlyj,timestamp:1616488963
2021-03-23 17:42:43,702 - DiskUtilization.Percent:60.9|#Level:Host|#hostname:linuxlyj,timestamp:1616488963
2021-03-23 17:42:43,702 - MemoryAvailable.Megabytes:12903.0703125|#Level:Host|#hostname:linuxlyj,timestamp:1616488963
2021-03-23 17:42:43,702 - MemoryUsed.Megabytes:2546.09375|#Level:Host|#hostname:linuxlyj,timestamp:1616488963
2021-03-23 17:42:43,702 - MemoryUtilization.Percent:19.1|#Level:Host|#hostname:linuxlyj,timestamp:1616488963
2021-03-23 17:46:06,919 - CPUUtilization.Percent:0.0|#Level:Host|#hostname:linuxlyj,timestamp:1616489166
2021-03-23 17:46:06,919 - DiskAvailable.Gigabytes:35.45492172241211|#Level:Host|#hostname:linuxlyj,timestamp:1616489166
2021-03-23 17:46:06,920 - DiskUsage.Gigabytes:55.269710540771484|#Level:Host|#hostname:linuxlyj,timestamp:1616489166
2021-03-23 17:46:06,920 - DiskUtilization.Percent:60.9|#Level:Host|#hostname:linuxlyj,timestamp:1616489166
2021-03-23 17:46:06,920 - MemoryAvailable.Megabytes:12872.05859375|#Level:Host|#hostname:linuxlyj,timestamp:1616489166
2021-03-23 17:46:06,920 - MemoryUsed.Megabytes:2576.8203125|#Level:Host|#hostname:linuxlyj,timestamp:1616489166
2021-03-23 17:46:06,920 - MemoryUtilization.Percent:19.3|#Level:Host|#hostname:linuxlyj,timestamp:1616489166
2021-03-23 17:47:01,314 - Requests2XX.Count:1|#Level:Host|#hostname:linuxlyj,timestamp:null
2021-03-23 17:47:04,609 - W-9000-detectron2_1.0.ms:58907|#Level:Host|#hostname:linuxlyj,timestamp:1616489224
2021-03-23 17:47:04,609 - WorkerThreadTime.ms:83|#Level:Host|#hostname:linuxlyj,timestamp:null
2021-03-23 17:47:06,000 - Requests2XX.Count:1|#Level:Host|#hostname:linuxlyj,timestamp:null
2021-03-23 17:47:06,001 - QueueTime.ms:43068|#Level:Host|#hostname:linuxlyj,timestamp:null
2021-03-23 17:47:06,002 - WorkerThreadTime.ms:5|#Level:Host|#hostname:linuxlyj,timestamp:null
2021-03-23 17:47:06,860 - CPUUtilization.Percent:0.0|#Level:Host|#hostname:linuxlyj,timestamp:1616489226
2021-03-23 17:47:06,860 - DiskAvailable.Gigabytes:35.454925537109375|#Level:Host|#hostname:linuxlyj,timestamp:1616489226
2021-03-23 17:47:06,860 - DiskUsage.Gigabytes:55.26970672607422|#Level:Host|#hostname:linuxlyj,timestamp:1616489226
2021-03-23 17:47:06,861 - DiskUtilization.Percent:60.9|#Level:Host|#hostname:linuxlyj,timestamp:1616489226
2021-03-23 17:47:06,861 - MemoryAvailable.Megabytes:10110.98046875|#Level:Host|#hostname:linuxlyj,timestamp:1616489226
2021-03-23 17:47:06,861 - MemoryUsed.Megabytes:5324.06640625|#Level:Host|#hostname:linuxlyj,timestamp:1616489226
2021-03-23 17:47:06,861 - MemoryUtilization.Percent:36.6|#Level:Host|#hostname:linuxlyj,timestamp:1616489226
2021-03-23 17:47:11,580 - Requests2XX.Count:1|#Level:Host|#hostname:linuxlyj,timestamp:null
2021-03-23 17:47:11,580 - QueueTime.ms:0|#Level:Host|#hostname:linuxlyj,timestamp:null
2021-03-23 17:47:11,580 - WorkerThreadTime.ms:2|#Level:Host|#hostname:linuxlyj,timestamp:null
